SF:lib/src/models/lang.dart
DA:10,0
DA:15,0
DA:16,0
DA:17,0
DA:18,0
DA:19,0
DA:23,0
DA:24,0
DA:25,0
DA:26,0
DA:27,0
DA:31,0
DA:33,0
DA:36,0
DA:40,0
DA:41,0
DA:42,0
DA:43,0
DA:46,0
DA:48,0
LF:20
LH:0
end_of_record
SF:lib/src/models/vambo_exception.dart
DA:10,0
DA:12,0
DA:13,0
DA:14,0
DA:22,0
DA:24,0
LF:6
LH:0
end_of_record
SF:lib/src/models/vambo_identify_response.dart
DA:12,0
DA:17,0
DA:18,0
DA:19,0
DA:20,0
DA:21,0
DA:22,0
DA:30,0
DA:31,0
DA:32,0
DA:33,0
DA:37,0
DA:39,0
DA:42,0
DA:46,0
DA:47,0
DA:48,0
DA:51,0
DA:53,0
LF:19
LH:0
end_of_record
SF:lib/src/vamboai.dart
DA:16,1
DA:19,1
DA:21,1
DA:22,1
DA:29,0
DA:31,0
DA:32,0
DA:33,0
DA:34,0
DA:35,0
DA:36,0
DA:38,0
DA:39,0
DA:40,0
DA:41,0
DA:43,0
DA:46,0
LF:17
LH:4
end_of_record
